<?xml version="1.0" encoding="UTF-8"?>
<!-- Generated by org.testng.reporters.JUnitXMLReporter -->
<testsuite hostname="lnhua" name="Login Success" tests="9" failures="6" timestamp="3 Sep 2019 10:18:56 GMT" time="9.754" errors="0">
  <testcase name="gotoWeb" time="4.39" classname="tests.TC_HomePage"/>
  <testcase name="loginSuccess" time="1.005" classname="tests.TC_HomePage"/>
  <testcase name="seeBox" time="0.03" classname="tests.TC_HomePage"/>
  <testcase name="seeBox" time="0.028" classname="tests.TC_HomePage">
    <failure type="junit.framework.AssertionFailedError" message="Don&amp;apos;t see the box CINDY under Home page">
      <![CDATA[junit.framework.AssertionFailedError: Don't see the box CINDY under Home page
	at junit.framework.Assert.fail(Assert.java:47)
	at tests.TC_HomePage.seeBox(TC_HomePage.java:51)
... Removed 24 stack frames]]>
    </failure>
  </testcase> <!-- seeBox -->
  <testcase name="seeBox" time="0.017" classname="tests.TC_HomePage">
    <failure type="junit.framework.AssertionFailedError" message="Don&amp;apos;t see the box Accounts under Home page">
      <![CDATA[junit.framework.AssertionFailedError: Don't see the box Accounts under Home page
	at junit.framework.Assert.fail(Assert.java:47)
	at tests.TC_HomePage.seeBox(TC_HomePage.java:51)
... Removed 24 stack frames]]>
    </failure>
  </testcase> <!-- seeBox -->
  <testcase name="seeBox" time="0.015" classname="tests.TC_HomePage">
    <failure type="junit.framework.AssertionFailedError" message="Don&amp;apos;t see the box Product Application under Home page">
      <![CDATA[junit.framework.AssertionFailedError: Don't see the box Product Application under Home page
	at junit.framework.Assert.fail(Assert.java:47)
	at tests.TC_HomePage.seeBox(TC_HomePage.java:51)
... Removed 24 stack frames]]>
    </failure>
  </testcase> <!-- seeBox -->
  <testcase name="seeBox" time="0.017" classname="tests.TC_HomePage">
    <failure type="junit.framework.AssertionFailedError" message="Don&amp;apos;t see the box Bureau Reports under Home page">
      <![CDATA[junit.framework.AssertionFailedError: Don't see the box Bureau Reports under Home page
	at junit.framework.Assert.fail(Assert.java:47)
	at tests.TC_HomePage.seeBox(TC_HomePage.java:51)
... Removed 24 stack frames]]>
    </failure>
  </testcase> <!-- seeBox -->
  <testcase name="seeBox" time="0.017" classname="tests.TC_HomePage">
    <failure type="junit.framework.AssertionFailedError" message="Don&amp;apos;t see the box MacBooks under Home page">
      <![CDATA[junit.framework.AssertionFailedError: Don't see the box MacBooks under Home page
	at junit.framework.Assert.fail(Assert.java:47)
	at tests.TC_HomePage.seeBox(TC_HomePage.java:51)
... Removed 24 stack frames]]>
    </failure>
  </testcase> <!-- seeBox -->
  <testcase name="seeBox" time="0.015" classname="tests.TC_HomePage">
    <failure type="junit.framework.AssertionFailedError" message="Don&amp;apos;t see the box Gap Payments under Home page">
      <![CDATA[junit.framework.AssertionFailedError: Don't see the box Gap Payments under Home page
	at junit.framework.Assert.fail(Assert.java:47)
	at tests.TC_HomePage.seeBox(TC_HomePage.java:51)
... Removed 24 stack frames]]>
    </failure>
  </testcase> <!-- seeBox -->
</testsuite> <!-- Login Success -->
